<?xml version="1.0" encoding="UTF-8"?>
<!-- Generated by org.testng.reporters.JUnitReportReporter -->
<testsuite hostname="AUTOMATION-LAB" failures="0" tests="2" name="testNGFramework.Demo1" time="0.009" errors="0" timestamp="2024-06-30T12:01:30 IST" skipped="0">
  <testcase classname="testNGFramework.Demo1" name="Testcase1" time="0.008">
    <system-out>
      <![CDATA[Hello]]>
    </system-out>
  </testcase> <!-- Testcase1 -->
  <testcase classname="testNGFramework.Demo1" name="Testcase1" time="0.001">
    <system-out>
      <![CDATA[Hello]]>
    </system-out>
  </testcase> <!-- Testcase1 -->
  <system-out>
    <![CDATA[Hello
This is Testcase 002
This is Testcase 003
Hello
This is Testcase 002
This is Testcase 003]]>
  </system-out>
</testsuite> <!-- testNGFramework.Demo1 -->
