<?xml version="1.0" encoding="UTF-8"?>
<!-- Generated by org.testng.reporters.JUnitReportReporter -->
<testsuite hostname="AUTOMATION-LAB" failures="0" tests="3" name="testNGFramework.Demo3" time="5.629" errors="0" timestamp="2024-07-07T10:28:46 IST" skipped="0">
  <testcase classname="testNGFramework.Demo3" name="Application" time="1.832"/>
  <testcase classname="testNGFramework.Demo3" name="Application" time="1.970"/>
  <testcase classname="testNGFramework.Demo3" name="Application" time="1.827"/>
</testsuite> <!-- testNGFramework.Demo3 -->
