<?xml version="1.0" encoding="UTF-8"?>
<!-- Generated by org.testng.reporters.JUnitReportReporter -->
<testsuite hostname="AUTOMATION-LAB" failures="0" tests="1" name="framework.runnerclass1" time="5.637" errors="0" timestamp="2024-07-07T09:46:48 IST" skipped="0">
  <testcase classname="framework.runnerclass1" name="Testcase1" time="5.637"/>
</testsuite> <!-- framework.runnerclass1 -->
