<?xml version="1.0" encoding="UTF-8"?>
<!-- Generated by org.testng.reporters.JUnitReportReporter -->
<testsuite hostname="AUTOMATION-LAB" failures="0" tests="2" name="testNGFramework.Demo2" time="0.010" errors="0" timestamp="2024-07-06T09:47:41 IST" skipped="0">
  <testcase classname="testNGFramework.Demo2" name="TestCase3" time="0.008">
    <system-out>
      <![CDATA[This is Testcase 003]]>
    </system-out>
  </testcase> <!-- TestCase3 -->
  <testcase classname="testNGFramework.Demo2" name="TestCase4" time="0.002">
    <system-out>
      <![CDATA[This is Testcase 004]]>
    </system-out>
  </testcase> <!-- TestCase4 -->
  <system-out>
    <![CDATA[This is Testcase 003
This is Testcase 004]]>
  </system-out>
</testsuite> <!-- testNGFramework.Demo2 -->
